#
# There is insufficient memory for the Java Runtime Environment to continue.
# Native memory allocation (mmap) failed to map 132120576 bytes. Error detail: G1 virtual space
# Possible reasons:
#   The system is out of physical RAM or swap space
#   This process is running with CompressedOops enabled, and the Java Heap may be blocking the growth of the native heap
# Possible solutions:
#   Reduce memory load on the system
#   Increase physical memory or swap space
#   Check if swap backing store is full
#   Decrease Java heap size (-Xmx/-Xms)
#   Decrease number of Java threads
#   Decrease Java thread stack sizes (-Xss)
#   Set larger code cache with -XX:ReservedCodeCacheSize=
#   JVM is running with Unscaled Compressed Oops mode in which the Java heap is
#     placed in the first 4GB address space. The Java Heap base address is the
#     maximum limit for the native heap growth. Please use -XX:HeapBaseMinAddress
#     to set the Java Heap base and to place the Java Heap above 4GB virtual address.
# This output file may be truncated or incomplete.
#
#  Out of Memory Error (os_windows.cpp:3703), pid=18340, tid=6520
#
# JRE version:  (23.0.1+11) (build )
# Java VM: Java HotSpot(TM) 64-Bit Server VM (23.0.1+11-39, mixed mode, sharing, tiered, compressed oops, compressed class ptrs, g1 gc, windows-amd64)
# No core dump will be written. Minidumps are not enabled by default on client versions of Windows
#

---------------  S U M M A R Y ------------

Command Line: 

Host: Intel(R) Core(TM) i5-10210U CPU @ 1.60GHz, 8 cores, 7G,  Windows 11 , 64 bit Build 22621 (10.0.22621.5415)
Time: Wed Jun 17 00:26:24 2026 Greenwich elapsed time: 0.133388 seconds (0d 0h 0m 0s)

---------------  T H R E A D  ---------------

Current thread (0x0000019331e4eec0):  JavaThread "Unknown thread" [_thread_in_vm, id=6520, stack(0x000000282e600000,0x000000282e700000) (1024K)]

Stack: [0x000000282e600000,0x000000282e700000]
Native frames: (J=compiled Java code, j=interpreted, Vv=VM code, C=native code)
V  [jvm.dll+0x6e08b9]  (no source info available)
V  [jvm.dll+0x87dc83]  (no source info available)
V  [jvm.dll+0x88010e]  (no source info available)
V  [jvm.dll+0x8807e3]  (no source info available)
V  [jvm.dll+0x27aee6]  (no source info available)
V  [jvm.dll+0x6dd1c5]  (no source info available)
V  [jvm.dll+0x6d104a]  (no source info available)
V  [jvm.dll+0x35b3ea]  (no source info available)
V  [jvm.dll+0x3637f6]  (no source info available)
V  [jvm.dll+0x34fd5e]  (no source info available)
V  [jvm.dll+0x34fff8]  (no source info available)
V  [jvm.dll+0x3289cc]  (no source info available)
V  [jvm.dll+0x32966e]  (no source info available)
V  [jvm.dll+0x844355]  (no source info available)
V  [jvm.dll+0x3b9848]  (no source info available)
V  [jvm.dll+0x82d14c]  (no source info available)
V  [jvm.dll+0x454d4e]  (no source info available)
V  [jvm.dll+0x456bd1]  (no source info available)
C  [jli.dll+0x52a3]  (no source info available)
C  [ucrtbase.dll+0x29333]  (no source info available)
C  [KERNEL32.DLL+0x1259d]  (no source info available)
C  [ntdll.dll+0x5af78]  (no source info available)

Lock stack of current Java thread (top to bottom):


---------------  P R O C E S S  ---------------

Threads class SMR info:
_java_thread_list=0x00007ffdcfb23618, length=0, elements={
}

Java Threads: ( => current thread )
Total: 0

Other Threads:
  0x0000019334160970 WorkerThread "GC Thread#0"                     [id=11860, stack(0x000000282e800000,0x000000282e900000) (1024K)]
  0x0000019334176bd0 ConcurrentGCThread "G1 Main Marker"            [id=4088, stack(0x000000282e900000,0x000000282ea00000) (1024K)]
  0x00000193341776e0 WorkerThread "G1 Conc#0"                       [id=16440, stack(0x000000282ea00000,0x000000282eb00000) (1024K)]

[error occurred during error reporting (printing all threads), id 0xc0000005, EXCEPTION_ACCESS_VIOLATION (0xc0000005) at pc=0x00007ffdcf26bfba]
VM state: not at safepoint (not fully initialized)

VM Mutex/Monitor currently owned by a thread:  ([mutex/lock_event])
[0x00007ffdcfba3a10] Heap_lock - owner thread: 0x0000019331e4eec0

Heap address: 0x0000000083200000, size: 1998 MB, Compressed Oops mode: 32-bit

CDS archive(s) mapped at: [0x0000000000000000-0x0000000000000000-0x0000000000000000), size 0, SharedBaseAddress: 0x0000000800000000, ArchiveRelocationMode: 1.
Narrow klass base: 0x0000000000000000, Narrow klass shift: 0, Narrow klass range: 0x0

GC Precious Log:
 CardTable entry size: 512
 Card Set container configuration: InlinePtr #cards 5 size 8 Array Of Cards #cards 10 size 36 Howl #buckets 4 coarsen threshold 1843 Howl Bitmap #cards 512 size 80 coarsen threshold 460 Card regions per heap region 1 cards per card region 2048

Heap:
 garbage-first heap   total reserved 2045952K, committed 0K, used 0K [0x0000000083200000, 0x0000000100000000)
  region size 1024K, 0 young (0K), 0 survivors (0K)

[error occurred during error reporting (printing heap information), id 0xc0000005, EXCEPTION_ACCESS_VIOLATION (0xc0000005) at pc=0x00007ffdcf66c3c9]
GC Heap History (0 events):
No events

Dll operation events (1 events):
Event: 0.085 Loaded shared library C:\Program Files\Java\jdk-23\bin\java.dll

Deoptimization events (0 events):
No events

Classes loaded (0 events):
No events

Classes unloaded (0 events):
No events

Classes redefined (0 events):
No events

Internal exceptions (0 events):
No events

VM Operations (0 events):
No events

Memory protections (0 events):
No events

Nmethod flushes (0 events):
No events

Events (0 events):
No events


Dynamic libraries:
0x00007ff779820000 - 0x00007ff779830000 	C:\Program Files\Java\jdk-23\bin\java.exe
0x00007ffe8e350000 - 0x00007ffe8e568000 	C:\Windows\SYSTEM32\ntdll.dll
0x00007ffe8c260000 - 0x00007ffe8c324000 	C:\Windows\System32\KERNEL32.DLL
0x00007ffe8b580000 - 0x00007ffe8b953000 	C:\Windows\System32\KERNELBASE.dll
0x00007ffe8ba10000 - 0x00007ffe8bb21000 	C:\Windows\System32\ucrtbase.dll
0x00007ffe81d50000 - 0x00007ffe81d67000 	C:\Program Files\Java\jdk-23\bin\jli.dll
0x00007ffe8d5f0000 - 0x00007ffe8d7a2000 	C:\Windows\System32\USER32.dll
0x00007ffe8b9e0000 - 0x00007ffe8ba06000 	C:\Windows\System32\win32u.dll
0x00007ffe8c360000 - 0x00007ffe8c389000 	C:\Windows\System32\GDI32.dll
0x00007ffe8b460000 - 0x00007ffe8b57b000 	C:\Windows\System32\gdi32full.dll
0x00007ffe8bb30000 - 0x00007ffe8bbca000 	C:\Windows\System32\msvcp_win.dll
0x00007ffe74880000 - 0x00007ffe7489b000 	C:\Program Files\Java\jdk-23\bin\VCRUNTIME140.dll
0x00007ffe74380000 - 0x00007ffe7461c000 	C:\Windows\WinSxS\amd64_microsoft.windows.common-controls_6595b64144ccf1df_6.0.22621.6060_none_2712eda17382d24b\COMCTL32.dll
0x00007ffe8d7b0000 - 0x00007ffe8d857000 	C:\Windows\System32\msvcrt.dll
0x00007ffe8c1b0000 - 0x00007ffe8c1e1000 	C:\Windows\System32\IMM32.DLL
0x00007ffe76c30000 - 0x00007ffe76c3c000 	C:\Program Files\Java\jdk-23\bin\vcruntime140_1.dll
0x00007ffe60420000 - 0x00007ffe604ae000 	C:\Program Files\Java\jdk-23\bin\msvcp140.dll
0x00007ffdcef30000 - 0x00007ffdcfc7f000 	C:\Program Files\Java\jdk-23\bin\server\jvm.dll
0x00007ffe8cc20000 - 0x00007ffe8ccd1000 	C:\Windows\System32\ADVAPI32.dll
0x00007ffe8d9c0000 - 0x00007ffe8da68000 	C:\Windows\System32\sechost.dll
0x00007ffe8bd40000 - 0x00007ffe8bd68000 	C:\Windows\System32\bcrypt.dll
0x00007ffe8c900000 - 0x00007ffe8ca18000 	C:\Windows\System32\RPCRT4.dll
0x00007ffe8d070000 - 0x00007ffe8d0e1000 	C:\Windows\System32\WS2_32.dll
0x00007ffe8a270000 - 0x00007ffe8a2bd000 	C:\Windows\SYSTEM32\POWRPROF.dll
0x00007ffe82800000 - 0x00007ffe82834000 	C:\Windows\SYSTEM32\WINMM.dll
0x00007ffe813c0000 - 0x00007ffe813ca000 	C:\Windows\SYSTEM32\VERSION.dll
0x00007ffe8a250000 - 0x00007ffe8a263000 	C:\Windows\SYSTEM32\UMPDC.dll
0x00007ffe8a4f0000 - 0x00007ffe8a508000 	C:\Windows\SYSTEM32\kernel.appcore.dll
0x00007ffe765a0000 - 0x00007ffe765aa000 	C:\Program Files\Java\jdk-23\bin\jimage.dll
0x00007ffe882e0000 - 0x00007ffe88513000 	C:\Windows\SYSTEM32\DBGHELP.DLL
0x00007ffe8c3a0000 - 0x00007ffe8c731000 	C:\Windows\System32\combase.dll
0x00007ffe8cf80000 - 0x00007ffe8d058000 	C:\Windows\System32\OLEAUT32.dll
0x00007ffe722d0000 - 0x00007ffe72302000 	C:\Windows\SYSTEM32\dbgcore.DLL
0x00007ffe8beb0000 - 0x00007ffe8bf2b000 	C:\Windows\System32\bcryptPrimitives.dll
0x00007ffe71e50000 - 0x00007ffe71e6e000 	C:\Program Files\Java\jdk-23\bin\java.dll
0x00007ffe8ca20000 - 0x00007ffe8cbc1000 	C:\Windows\System32\ole32.dll
0x00007ffe8da70000 - 0x00007ffe8e30c000 	C:\Windows\System32\SHELL32.dll
0x00007ffe8bd70000 - 0x00007ffe8beaf000 	C:\Windows\System32\wintypes.dll

dbghelp: loaded successfully - version: 4.0.5 - missing functions: none
symbol engine: initialized successfully - sym options: 0x614 - pdb path: .;C:\Program Files\Java\jdk-23\bin;C:\Windows\SYSTEM32;C:\Windows\WinSxS\amd64_microsoft.windows.common-controls_6595b64144ccf1df_6.0.22621.6060_none_2712eda17382d24b;C:\Program Files\Java\jdk-23\bin\server

VM Arguments:
java_command: <unknown>
java_class_path (initial): <not set>
Launcher Type: SUN_STANDARD

[Global flags]
     intx CICompilerCount                          = 4                                         {product} {ergonomic}
     uint ConcGCThreads                            = 2                                         {product} {ergonomic}
     uint G1ConcRefinementThreads                  = 8                                         {product} {ergonomic}
   size_t G1HeapRegionSize                         = 1048576                                   {product} {ergonomic}
   size_t InitialHeapSize                          = 132120576                                 {product} {ergonomic}
   size_t MarkStackSize                            = 4194304                                   {product} {ergonomic}
   size_t MarkStackSizeMax                         = 536870912                                 {product} {ergonomic}
   size_t MaxHeapSize                              = 2095054848                                {product} {ergonomic}
   size_t MinHeapDeltaBytes                        = 1048576                                   {product} {ergonomic}
   size_t MinHeapSize                              = 8388608                                   {product} {ergonomic}
    uintx NonNMethodCodeHeapSize                   = 5832704                                {pd product} {ergonomic}
    uintx NonProfiledCodeHeapSize                  = 122945536                              {pd product} {ergonomic}
    uintx ProfiledCodeHeapSize                     = 122880000                              {pd product} {ergonomic}
    uintx ReservedCodeCacheSize                    = 251658240                              {pd product} {ergonomic}
     bool SegmentedCodeCache                       = true                                      {product} {ergonomic}
   size_t SoftMaxHeapSize                          = 2095054848                             {manageable} {ergonomic}
     bool UseCompressedOops                        = true                           {product lp64_product} {ergonomic}
     bool UseG1GC                                  = true                                      {product} {ergonomic}
     bool UseLargePagesIndividualAllocation        = false                                  {pd product} {ergonomic}

Logging:
Log output configuration:
 #0: stdout all=warning uptime,level,tags foldmultilines=false
 #1: stderr all=off uptime,level,tags foldmultilines=false

Environment Variables:
PATH=C:\bin\;C:\Program Files\Common Files\Oracle\Java\javapath;C:\MinGW\MinGW\bin;C:\xampp\mysql\bin;C:\Windows\system32;C:\Windows;C:\Windows\System32\Wbem;C:\Windows\System32\WindowsPowerShell\v1.0\;C:\Windows\System32\OpenSSH\;C:\Program Files\Java\jdk-22\bin;C:\ProgramData\chocolatey\bin;C:\Users\niane\Downloads\Git-2.44.0-64-bit.exe;'C:\\Users\\niane\\BlitzProject\\.next\\BUILD_ID';C:\Program Files\Git\cmd;C:\Android\sdk\commandlinetools\latest\bin;C:\xampp\php;C:\composer;C:\Program Files\nodejs\;D:\Scripts\;D:\;C:\Program Files\MongoDB\Server\8.0\bin;C:\flutter\bin;C:\Users\niane\Downloads\mariadb-11.7.1-winx64.msi;C:\Program Files\MySQL\MySQL Server 9.1\bin;C:\Users\niane\AppData\Local\Microsoft\WindowsApps;C:\Users\niane\AppData\Local\Programs\Microsoft VS Code\bin;C:\Users\niane\Downloads\Git-2.44.0-64-bit.exe;C:\Users\niane\AppData\Local\JetBrains\Toolbox\scripts;C:\Android\sdk\platform-tools;C:\Android\sdk\emulator;C:\Android\sdk\cmdline-tools\latest\bin;C:\curl\bin;C:\mongodbtools\mongodb-database-tools-windows-x86_64-100.12.0\bin;C:\Users\niane\AppData\Roaming\Composer\vendor\bin;C:\Users\niane\AppData\Local\Python\bin;C:\Users\niane\AppData\Roaming\npm;C:\Users\niane\AppData\Local\Programs\Podman\;C:\Users\niane\.bun\bin
USERNAME=niane
OS=Windows_NT
PROCESSOR_IDENTIFIER=Intel64 Family 6 Model 142 Stepping 12, GenuineIntel
TMP=C:\Users\niane\AppData\Local\Temp
TEMP=C:\Users\niane\AppData\Local\Temp




Periodic native trim disabled

---------------  S Y S T E M  ---------------

OS:
 Windows 11 , 64 bit Build 22621 (10.0.22621.5415)
OS uptime: 0 days 5:52 hours
Hyper-V role detected

CPU: total 8 (initial active 8) (4 cores per cpu, 2 threads per core) family 6 model 142 stepping 12 microcode 0xf0, cx8, cmov, fxsr, ht, mmx, 3dnowpref, sse, sse2, sse3, ssse3, sse4.1, sse4.2, popcnt, lzcnt, tsc, tscinvbit, avx, avx2, aes, erms, clmul, bmi1, bmi2, adx, fma, vzeroupper, clflush, clflushopt, hv, rdtscp, f16c
Processor Information for the first 8 processors :
  Max Mhz: 2112, Current Mhz: 1609, Mhz Limit: 1605

Memory: 4k page, system-wide physical 7988M (10M free)
TotalPageFile size 12084M (AvailPageFile size 14M)
current process WorkingSet (physical memory assigned to process): 11M, peak: 11M
current process commit charge ("private bytes"): 60M, peak: 186M

vm_info: Java HotSpot(TM) 64-Bit Server VM (23.0.1+11-39) for windows-amd64 JRE (23.0.1+11-39), built on 2024-09-30T07:20:43Z with MS VC++ 17.6 (VS2022)

END.
